Diagnose log at 2025-02-15T03:10:34Z

Executable: C:\Program Files\Git\mingw64\bin\git-credential-manager-core.exe
Version: 2.0.785+6074e4e3d3

------------
Diagnostic: Environment
Skipped: False
Success: True
Exception: None
Log:
OSType: Windows
OSVersion: 10.0 (build 19045)
Reading environment variables... OK
 Variables:
HOMEPATH=\Users\Administrator
DriverData=C:\Windows\System32\Drivers\DriverData
COMPUTERNAME=ADMIN
MSYSTEM=MINGW64
CommonProgramFiles(x86)=C:\Program Files (x86)\Common Files
OneDrive=C:\Users\Administrator\OneDrive
ProgramFiles(x86)=C:\Program Files (x86)
CONFIG_SITE=C:/Program Files/Git/etc/config.site
PROCESSOR_REVISION=9e0a
PATHEXT=.COM;.EXE;.BAT;.CMD;.VBS;.VBE;.JS;.JSE;.WSF;.WSH;.MSC;.PY;.PYW
ORIGINAL_TEMP=C:/Users/ADMINI~1/AppData/Local/Temp
USERNAME=Administrator
MINGW_PREFIX=C:/Program Files/Git/mingw64
GIT_EXEC_PATH=C:/Program Files/Git/mingw64/libexec/git-core
ACLOCAL_PATH=C:\Program Files\Git\mingw64\share\aclocal;C:\Program Files\Git\usr\share\aclocal
TEMP=C:\Users\ADMINI~1\AppData\Local\Temp
LOCALAPPDATA=C:\Users\Administrator\AppData\Local
MANPATH=C:\Program Files\Git\mingw64\local\man;C:\Program Files\Git\mingw64\share\man;C:\Program Files\Git\usr\local\man;C:\Program Files\Git\usr\share\man;C:\Program Files\Git\usr\man;C:\Program Files\Git\share\man
TERM=xterm-256color
PROCESSOR_IDENTIFIER=Intel64 Family 6 Model 158 Stepping 10, GenuineIntel
MSYSTEM_CARCH=x86_64
PROGRAMFILES=C:\Program Files (x86)
ProgramData=C:\ProgramData
JAVA_HOME=C:\Users\Administrator\.jdks\corretto-11.0.25\bin\
USERDOMAIN=ADMIN
ORIGINAL_TMP=C:/Users/ADMINI~1/AppData/Local/Temp
SYSTEMROOT=C:\WINDOWS
_=C:/Program Files/Git/mingw64/bin/git
PROCESSOR_LEVEL=6
NUMBER_OF_PROCESSORS=12
SSH_ASKPASS=C:/Program Files/Git/mingw64/bin/git-askpass.exe
SHLVL=1
APPDATA=C:\Users\Administrator\AppData\Roaming
PROMPT=$P$G
PSModulePath=C:\Program Files\WindowsPowerShell\Modules;C:\WINDOWS\system32\WindowsPowerShell\v1.0\Modules;C:\Program Files (x86)\Microsoft SQL Server\160\Tools\PowerShell\Modules\
PUBLIC=C:\Users\Public
HOSTNAME=Admin
PKG_CONFIG_PATH=C:\Program Files\Git\mingw64\lib\pkgconfig;C:\Program Files\Git\mingw64\share\pkgconfig
MSYSTEM_CHOST=x86_64-w64-mingw32
GoLand=C:\Program Files\JetBrains\GoLand 2022.3.1\bin;
PLINK_PROTOCOL=ssh
INFOPATH=C:\Program Files\Git\usr\local\info;C:\Program Files\Git\usr\share\info;C:\Program Files\Git\usr\info;C:\Program Files\Git\share\info
ProgramW6432=C:\Program Files
PATH=C:/Program Files/Git/mingw64/libexec/git-core;C:\Users\Administrator\bin;C:\Program Files\Git\mingw64\bin;C:\Program Files\Git\usr\local\bin;C:\Program Files\Git\usr\bin;C:\Program Files\Git\usr\bin;C:\Program Files\Git\mingw64\bin;C:\Program Files\Git\usr\bin;C:\Users\Administrator\bin;C:\flutter\bin;C:\Program Files\Python312\Scripts;C:\Program Files\Python312;C:\Program Files (x86)\Common Files\Oracle\Java\java8path;C:\Program Files (x86)\Common Files\Oracle\Java\javapath;C:\Program Files (x86)\NVIDIA Corporation\PhysX\Common;D:\VMwarePlayer\bin;C:\WINDOWS\system32;C:\WINDOWS;C:\WINDOWS\System32\Wbem;C:\WINDOWS\System32\WindowsPowerShell\v1.0;C:\WINDOWS\System32\OpenSSH;C:\Program Files\Git\cmd;C:\Program Files\dotnet;C:\Program Files\Go\bin;C:\Program Files (x86)\Windows Kits\10\Windows Performance Toolkit;C:\Users\Administrator\AppData\Local\Android\Sdk\platform-tools;C:\Program Files\Azure Data Studio\bin;C:\Users\Administrator\.jdks\corretto-11.0.25\bin\bin;C:\Program Files\Cloudflare\Cloudflare WARP;C:\Program Files\nodejs;C:\Program Files (x86)\Microsoft SQL Server\160\Tools\Binn;C:\Program Files\Microsoft SQL Server\160\Tools\Binn;C:\Program Files\Microsoft SQL Server\Client SDK\ODBC\170\Tools\Binn;C:\Program Files\Microsoft SQL Server\160\DTS\Binn;C:\Program Files (x86)\Microsoft SQL Server\160\DTS\Binn;C:\flutter\bin;C:\Users\Administrator\AppData\Local\Microsoft\WindowsApps;C:\Users\Administrator\go\bin;C:\Program Files\JetBrains\GoLand 2022.3.1\bin;C:\Users\Administrator\AppData\Local\Programs\Microsoft VS Code\bin;C:\Program Files (x86)\mingw64\bin;C:\Users\Administrator\.dotnet\tools;C:\Program Files\Azure Data Studio\bin;C:\Users\Administrator\AppData\Roaming\npm;C:\Users\Administrator\AppData\Local\GitHubDesktop\bin;C:\Program Files\Git\usr\bin\vendor_perl;C:\Program Files\Git\usr\bin\core_perl
MINGW_CHOST=x86_64-w64-mingw32
TMPDIR=C:\Users\ADMINI~1\AppData\Local\Temp
TMP=C:\Users\ADMINI~1\AppData\Local\Temp
SHELL=C:\Program Files\Git\usr\bin\bash.exe
HOME=C:\Users\Administrator
SYSTEMDRIVE=C:
COMSPEC=C:\WINDOWS\system32\cmd.exe
ZES_ENABLE_SYSMAN=1
LOGONSERVER=\\ADMIN
USERPROFILE=C:\Users\Administrator
DISPLAY=needs-to-be-defined
COMMONPROGRAMFILES=C:\Program Files (x86)\Common Files
WINDIR=C:\WINDOWS
USERDOMAIN_ROAMINGPROFILE=ADMIN
CommonProgramW6432=C:\Program Files\Common Files
HOMEDRIVE=C:
MSYSTEM_PREFIX=C:/Program Files/Git/mingw64
MINGW_PACKAGE_PREFIX=mingw-w64-x86_64
SESSIONNAME=Console
PWD=D:/studyNam/Flutter/do-an-flutter
EXEPATH=C:\Program Files\Git
LANG=en_US.UTF-8
PROCESSOR_ARCHITEW6432=AMD64
ORIGINAL_PATH=C:\Program Files\Git\mingw64\bin;C:\Program Files\Git\usr\bin;C:\Users\Administrator\bin;C:\flutter\bin;C:\Program Files\Python312\Scripts;C:\Program Files\Python312;C:\Program Files (x86)\Common Files\Oracle\Java\java8path;C:\Program Files (x86)\Common Files\Oracle\Java\javapath;C:\Program Files (x86)\NVIDIA Corporation\PhysX\Common;D:\VMwarePlayer\bin;C:\WINDOWS\system32;C:\WINDOWS;C:\WINDOWS\System32\Wbem;C:\WINDOWS\System32\WindowsPowerShell\v1.0;C:\WINDOWS\System32\OpenSSH;C:\Program Files\Git\cmd;C:\Program Files\dotnet;C:\Program Files\Go\bin;C:\Program Files (x86)\Windows Kits\10\Windows Performance Toolkit;C:\Users\Administrator\AppData\Local\Android\Sdk\platform-tools;C:\Program Files\Azure Data Studio\bin;C:\Users\Administrator\.jdks\corretto-11.0.25\bin\bin;C:\Program Files\Cloudflare\Cloudflare WARP;C:\Program Files\nodejs;C:\Program Files (x86)\Microsoft SQL Server\160\Tools\Binn;C:\Program Files\Microsoft SQL Server\160\Tools\Binn;C:\Program Files\Microsoft SQL Server\Client SDK\ODBC\170\Tools\Binn;C:\Program Files\Microsoft SQL Server\160\DTS\Binn;C:\Program Files (x86)\Microsoft SQL Server\160\DTS\Binn;C:\flutter\bin;C:\Users\Administrator\AppData\Local\Microsoft\WindowsApps;C:\Users\Administrator\go\bin;C:\Program Files\JetBrains\GoLand 2022.3.1\bin;C:\Users\Administrator\AppData\Local\Programs\Microsoft VS Code\bin;C:\Program Files (x86)\mingw64\bin;C:\Users\Administrator\.dotnet\tools;C:\Program Files\Azure Data Studio\bin;C:\Users\Administrator\AppData\Roaming\npm;C:\Users\Administrator\AppData\Local\GitHubDesktop\bin
PROCESSOR_ARCHITECTURE=x86
PS1=\[\033]0;$TITLEPREFIX:$PWD\007\]\n\[\033[32m\]\u@\h \[\033[35m\]$MSYSTEM \[\033[33m\]\w\[\033[36m\]`__git_ps1`\[\033[0m\]\n$ 
OS=Windows_NT
GOPATH=C:\Users\Administrator\go
OneDriveConsumer=C:\Users\Administrator\OneDrive
ALLUSERSPROFILE=C:\ProgramData


------------
Diagnostic: File system
Skipped: False
Success: True
Exception: None
Log:
Temporary directory is 'C:\Users\Administrator\AppData\Local\Temp\'...
Checking basic file I/O...
Writing to temporary file 'C:\Users\Administrator\AppData\Local\Temp\6c3f41b785185b1b8018e92a'... OK
Reading from temporary file 'C:\Users\Administrator\AppData\Local\Temp\6c3f41b785185b1b8018e92a'... OK
Deleting temporary file 'C:\Users\Administrator\AppData\Local\Temp\6c3f41b785185b1b8018e92a'... OK
Testing IFileSystem instance...
UserHomePath: C:\Users\Administrator
UserDataDirectoryPath: C:\Users\Administrator\.gcm
GetCurrentDirectory(): D:\studyNam\Flutter\do-an-flutter

------------
Diagnostic: Networking
Skipped: False
Success: True
Exception: None
Log:
Checking basic networking and HTTP stack...
Creating HTTP client... OK
IsNetworkAvailable: True
Sending HEAD request to http://example.com... OK
Sending HEAD request to https://example.com... OK
Acquiring free TCP port... OK
Testing local HTTP loopback connections...
Creating new HTTP listener for http://localhost:63260/... OK
Waiting for loopback connection... OK
Writing response... OK
Waiting for response data... OK
Loopback connection data OK
Testing with IHttpClientFactory created HTTP client...
Creating HTTP client... OK
IsNetworkAvailable: True
Sending HEAD request to http://example.com... OK
Sending HEAD request to https://example.com... OK
Acquiring free TCP port... OK
Testing local HTTP loopback connections...
Creating new HTTP listener for http://localhost:63262/... OK
Waiting for loopback connection... OK
Writing response... OK
Waiting for response data... OK
Loopback connection data OK

------------
Diagnostic: Git
Skipped: False
Success: True
Exception: None
Log:
Getting Git version... OK
Git version is '2.37.2.windows.2'
Locating current repository... OK
Not inside a Git repository.
Listing all Git configuration... OK
Git configuration:
file:C:/Program Files/Git/etc/gitconfig	diff.astextplain.textconv=astextplain
file:C:/Program Files/Git/etc/gitconfig	filter.lfs.clean=git-lfs clean -- %f
file:C:/Program Files/Git/etc/gitconfig	filter.lfs.smudge=git-lfs smudge -- %f
file:C:/Program Files/Git/etc/gitconfig	filter.lfs.process=git-lfs filter-process
file:C:/Program Files/Git/etc/gitconfig	filter.lfs.required=true
file:C:/Program Files/Git/etc/gitconfig	http.sslbackend=openssl
file:C:/Program Files/Git/etc/gitconfig	http.sslcainfo=C:/Program Files/Git/mingw64/ssl/certs/ca-bundle.crt
file:C:/Program Files/Git/etc/gitconfig	core.autocrlf=true
file:C:/Program Files/Git/etc/gitconfig	core.fscache=true
file:C:/Program Files/Git/etc/gitconfig	core.symlinks=false
file:C:/Program Files/Git/etc/gitconfig	core.editor=notepad
file:C:/Program Files/Git/etc/gitconfig	pull.rebase=false
file:C:/Program Files/Git/etc/gitconfig	init.defaultbranch=master
file:C:/Program Files/Git/etc/gitconfig	credential.helper=
file:C:/Program Files/Git/etc/gitconfig	credential.helper=C:/Program\ Files\ \(x86\)/Git\ Credential\ Manager/git-credential-manager.exe
file:C:/Users/Administrator/.gitconfig	credential.helper=manager
file:C:/Users/Administrator/.gitconfig	credential.helper=
file:C:/Users/Administrator/.gitconfig	credential.helper=C:/Program\ Files/Git/mingw64/bin/git-credential-manager-core.exe
file:C:/Users/Administrator/.gitconfig	user.email=95182414+Thanhman5@users.noreply.github.com
file:C:/Users/Administrator/.gitconfig	user.name=Nam
file:C:/Users/Administrator/.gitconfig	filter.lfs.clean=git-lfs clean -- %f
file:C:/Users/Administrator/.gitconfig	filter.lfs.smudge=git-lfs smudge -- %f
file:C:/Users/Administrator/.gitconfig	filter.lfs.process=git-lfs filter-process
file:C:/Users/Administrator/.gitconfig	filter.lfs.required=true
file:C:/Users/Administrator/.gitconfig	credential.https://dev.azure.com.usehttppath=true


------------
Diagnostic: Credential storage
Skipped: False
Success: True
Exception: None
Log:
ICredentialStore instance is of type: CredentialStore
Writing test credential... OK
Reading test credential... OK
Deleting test credential... OK

------------
Diagnostic: Microsoft authentication (AAD/MSA)
Skipped: False
Success: True
Exception: None
Log:
Broker not supported.
Flow type is: Auto
Gathering MSAL token cache data... OK
CacheDirectory: C:\Users\Administrator\AppData\Local\.IdentityService
CacheFileName: msal.cache
CacheFilePath: C:\Users\Administrator\AppData\Local\.IdentityService\msal.cache
Creating cache helper... OK
Verifying MSAL token cache persistence... OK

------------
Diagnostic: GitHub API
Skipped: False
Success: True
Exception: None
Log:
Using 'https://github.com/' as API target.
Querying '/meta' endpoint... OK

